 [1] "datasc_fix_filter_norm_doublet_Singlet_02_60_W8_18h_myelin_plus_untreated_multiplexed.rds"      
 [2] "datasc_fix_filter_norm_doublet_Singlet_02_60_W8_24h_CSF-MS_plus_untreated_multiplexed.rds"      
 [3] "datasc_fix_filter_norm_doublet_Singlet_02_60_W8_24h_CSF-controls_plus_untreated_multiplexed.rds"
 [4] "datasc_fix_filter_norm_doublet_Singlet_02_60_W8_24h_cytokines.rds"                              
 [5] "datasc_fix_filter_norm_doublet_Singlet_02_60_W8_48h_CSF-MS_multiplexed.rds"                     
 [6] "datasc_fix_filter_norm_doublet_Singlet_02_60_W8_48h_TBHP_and_TBHP-dasatinib_multiplexed.rds"    
 [7] "datasc_fix_filter_norm_doublet_Singlet_02_60_W8_6h_Fe_RSL3.rds"                                 
 [8] "datasc_fix_filter_norm_doublet_Singlet_02_60_hBS_CTR4_MG.rds"                                   
 [9] "datasc_fix_filter_norm_doublet_Singlet_02_60_hBS_RR16_MG.rds"                                   
[10] "datasc_fix_filter_norm_doublet_Singlet_02_60_hBS_RR24_MG.rds"                                   
[11] "datasc_fix_filter_norm_doublet_Singlet_02_60_hBS_RR25_MG.rds"                                   
[12] "datasc_fix_filter_norm_doublet_Singlet_06_60_W8_18h_myelin_plus_untreated_multiplexed.rds"      
[13] "datasc_fix_filter_norm_doublet_Singlet_06_60_W8_24h_CSF-MS_plus_untreated_multiplexed.rds"      
[14] "datasc_fix_filter_norm_doublet_Singlet_06_60_W8_24h_CSF-controls_plus_untreated_multiplexed.rds"
[15] "datasc_fix_filter_norm_doublet_Singlet_06_60_W8_24h_cytokines.rds"                              
[16] "datasc_fix_filter_norm_doublet_Singlet_06_60_W8_48h_CSF-MS_multiplexed.rds"                     
[17] "datasc_fix_filter_norm_doublet_Singlet_06_60_W8_48h_TBHP_and_TBHP-dasatinib_multiplexed.rds"    
[18] "datasc_fix_filter_norm_doublet_Singlet_06_60_W8_6h_Fe_RSL3.rds"                                 
[19] "datasc_fix_filter_norm_doublet_Singlet_06_60_hBS_CTR4_MG.rds"                                   
[20] "datasc_fix_filter_norm_doublet_Singlet_06_60_hBS_RR16_MG.rds"                                   
[21] "datasc_fix_filter_norm_doublet_Singlet_06_60_hBS_RR24_MG.rds"                                   
[22] "datasc_fix_filter_norm_doublet_Singlet_06_60_hBS_RR25_MG.rds"                                   
[23] "datasc_fix_filter_norm_doublet_Singlet_10_60_W8_18h_myelin_plus_untreated_multiplexed.rds"      
[24] "datasc_fix_filter_norm_doublet_Singlet_10_60_W8_24h_CSF-MS_plus_untreated_multiplexed.rds"      
[25] "datasc_fix_filter_norm_doublet_Singlet_10_60_W8_24h_CSF-controls_plus_untreated_multiplexed.rds"
[26] "datasc_fix_filter_norm_doublet_Singlet_10_60_W8_24h_cytokines.rds"                              
[27] "datasc_fix_filter_norm_doublet_Singlet_10_60_W8_48h_CSF-MS_multiplexed.rds"                     
[28] "datasc_fix_filter_norm_doublet_Singlet_10_60_W8_48h_TBHP_and_TBHP-dasatinib_multiplexed.rds"    
[29] "datasc_fix_filter_norm_doublet_Singlet_10_60_W8_6h_Fe_RSL3.rds"                                 
[30] "datasc_fix_filter_norm_doublet_Singlet_10_60_hBS_CTR4_MG.rds"                                   
[31] "datasc_fix_filter_norm_doublet_Singlet_10_60_hBS_RR16_MG.rds"                                   
[32] "datasc_fix_filter_norm_doublet_Singlet_10_60_hBS_RR24_MG.rds"                                   
[33] "datasc_fix_filter_norm_doublet_Singlet_10_60_hBS_RR25_MG.rds"                                   
[1] "datasc_fix_filter_norm_doublet_Singlet_02_60_W8_18h_myelin_plus_untreated_multiplexed.rds"
[1] "datasc_fix_filter_norm_doublet_Singlet_02_60_W8_24h_CSF-MS_plus_untreated_multiplexed.rds"
[1] "datasc_fix_filter_norm_doublet_Singlet_02_60_W8_24h_CSF-controls_plus_untreated_multiplexed.rds"
[1] "datasc_fix_filter_norm_doublet_Singlet_02_60_W8_24h_cytokines.rds"
[1] "datasc_fix_filter_norm_doublet_Singlet_02_60_W8_48h_CSF-MS_multiplexed.rds"
[1] "datasc_fix_filter_norm_doublet_Singlet_02_60_W8_48h_TBHP_and_TBHP-dasatinib_multiplexed.rds"
[1] "datasc_fix_filter_norm_doublet_Singlet_02_60_W8_6h_Fe_RSL3.rds"
[1] "datasc_fix_filter_norm_doublet_Singlet_02_60_hBS_CTR4_MG.rds"
[1] "datasc_fix_filter_norm_doublet_Singlet_02_60_hBS_RR16_MG.rds"
[1] "datasc_fix_filter_norm_doublet_Singlet_02_60_hBS_RR24_MG.rds"
[1] "datasc_fix_filter_norm_doublet_Singlet_02_60_hBS_RR25_MG.rds"
[1] "datasc_fix_filter_norm_doublet_Singlet_06_60_W8_18h_myelin_plus_untreated_multiplexed.rds"
[1] "datasc_fix_filter_norm_doublet_Singlet_06_60_W8_24h_CSF-MS_plus_untreated_multiplexed.rds"
[1] "datasc_fix_filter_norm_doublet_Singlet_06_60_W8_24h_CSF-controls_plus_untreated_multiplexed.rds"
[1] "datasc_fix_filter_norm_doublet_Singlet_06_60_W8_24h_cytokines.rds"
[1] "datasc_fix_filter_norm_doublet_Singlet_06_60_W8_48h_CSF-MS_multiplexed.rds"
[1] "datasc_fix_filter_norm_doublet_Singlet_06_60_W8_48h_TBHP_and_TBHP-dasatinib_multiplexed.rds"
[1] "datasc_fix_filter_norm_doublet_Singlet_06_60_W8_6h_Fe_RSL3.rds"
[1] "datasc_fix_filter_norm_doublet_Singlet_06_60_hBS_CTR4_MG.rds"
[1] "datasc_fix_filter_norm_doublet_Singlet_06_60_hBS_RR16_MG.rds"
[1] "datasc_fix_filter_norm_doublet_Singlet_06_60_hBS_RR24_MG.rds"
[1] "datasc_fix_filter_norm_doublet_Singlet_06_60_hBS_RR25_MG.rds"
[1] "datasc_fix_filter_norm_doublet_Singlet_10_60_W8_18h_myelin_plus_untreated_multiplexed.rds"
[1] "datasc_fix_filter_norm_doublet_Singlet_10_60_W8_24h_CSF-MS_plus_untreated_multiplexed.rds"
[1] "datasc_fix_filter_norm_doublet_Singlet_10_60_W8_24h_CSF-controls_plus_untreated_multiplexed.rds"
[1] "datasc_fix_filter_norm_doublet_Singlet_10_60_W8_24h_cytokines.rds"
[1] "datasc_fix_filter_norm_doublet_Singlet_10_60_W8_48h_CSF-MS_multiplexed.rds"
[1] "datasc_fix_filter_norm_doublet_Singlet_10_60_W8_48h_TBHP_and_TBHP-dasatinib_multiplexed.rds"
[1] "datasc_fix_filter_norm_doublet_Singlet_10_60_W8_6h_Fe_RSL3.rds"
[1] "datasc_fix_filter_norm_doublet_Singlet_10_60_hBS_CTR4_MG.rds"
[1] "datasc_fix_filter_norm_doublet_Singlet_10_60_hBS_RR16_MG.rds"
[1] "datasc_fix_filter_norm_doublet_Singlet_10_60_hBS_RR24_MG.rds"
[1] "datasc_fix_filter_norm_doublet_Singlet_10_60_hBS_RR25_MG.rds"
